Arguments: 
  D:\Program Files\nodejs\node.exe C:\Users\wushaobin\AppData\Roaming\npm\node_modules\yarn\bin\yarn.js add inquirer arg

PATH: 
  D:\Python27\;D:\Python27\Scripts;C:\WINDOWS\system32;C:\WINDOWS;C:\WINDOWS\System32\Wbem;C:\WINDOWS\System32\WindowsPowerShell\v1.0\;C:\WINDOWS\System32\OpenSSH\;C:\Program Files\Intel\WiFi\bin\;C:\Program Files\Common Files\Intel\WirelessCommon\;d:\Program Files\Git\cmd;D:\Program Files\TortoiseGit\bin;C:\Users\wushaobin\AppData\Local\Android\Sdk\tools;C:\Users\wushaobin\AppData\Local\Android\Sdk\platform-tools;D:\Flutter\flutter_windows_v1_9_1\flutter\bin;C:\Users\wushaobin\AppData\Roaming\npm\node_modules\yarn\bin;D:\Program Files\Java\jdk1.8.0_241\bin;C:\Users\wushaobin\.cargo\bin;C:\Users\wushaobin\AppData\Local\Yarn\bin\lerna;D:\Program Files\nodejs\;d:\Program Files (x86)\Tencent\微信web开发者工具\dll;E:\apache-maven-3.8.6\bin;C:\Users\wushaobin\.cargo\bin;f:\Users\wushaobin\AppData\Local\Programs\Microsoft VS Code\bin;C:\Users\wushaobin\AppData\Local\Microsoft\WindowsApps;C:\Users\wushaobin\AppData\Local\BypassRuntm;C:\Program Files\MongoDB\Server\4.2\bin;D:\Users\wushaobin\AppData\Local\Programs\Fiddler;C:\Users\wushaobin\AppData\Local\Yarn\bin;C:\Users\wushaobin\AppData\Roaming\npm;E:\apache-maven-3.8.6\bin;

Yarn version: 
  1.22.0

Node version: 
  12.16.3

Platform: 
  win32 x64

Trace: 
  Error: self signed certificate in certificate chain
      at TLSSocket.onConnectSecure (_tls_wrap.js:1474:34)
      at TLSSocket.emit (events.js:310:20)
      at TLSSocket._finishInit (_tls_wrap.js:917:8)
      at TLSWrap.ssl.onhandshakedone (_tls_wrap.js:687:12)

npm manifest: 
  {
    "name": "@bin/create-project",
    "version": "1.0.0",
    "description": "A CLI to bootstrap my new project",
    "main": "src/index.js",
    "bin": {
      "@bin/create-project": "bin/create-project",
      "create-project": "bin/create-project"
    },
    "publishConfig": {
      "access": "public"
    },
    "scripts": {
      "test": "echo \"Error: no test specified\" && exit 1"
    },
    "keywords": [
      "cli",
      "create-project"
    ],
    "author": "wushaobin",
    "license": "ISC",
    "dependencies": {
      "esm": "^3.2.25"
    }
  }

yarn manifest: 
  No manifest

Lockfile: 
  # THIS IS AN AUTOGENERATED FILE. DO NOT EDIT THIS FILE DIRECTLY.
  # yarn lockfile v1
  
  
  esm@^3.2.25:
    version "3.2.25"
    resolved "https://registry.npmmirror.com/esm/-/esm-3.2.25.tgz#342c18c29d56157688ba5ce31f8431fbb795cc10"
    integrity sha512-U1suiZ2oDVWv4zPO56S0NcR5QriEahGtdN2OR6FiOG4WJvcjBVFB0qI4+eKoWFH483PKGuLuu6V8Z4T5g63UVA==
